20:47:55 **** Build of configuration Nios II for project cronometro ****
wsl make mem_init_generate 
Info: Building /mnt/c/intelFPGA_lite/Proyectos/tutorial/Cronometro_SO/software/cronometro_bsp/
make --no-print-directory -C /mnt/c/intelFPGA_lite/Proyectos/tutorial/Cronometro_SO/software/cronometro_bsp/
[BSP build complete]
Post-processing to create mem_init/platform_ram_0.hex...
elf2hex.exe cronometro.elf 0x00010000 0x00013fff --width=32 --little-endian-mem --create-lanes=0 mem_init/platform_ram_0.hex
Post-processing to create mem_init/platform_rom_0.hex...
elf2hex.exe cronometro.elf 0x00000000 0x00000fff --width=32 --little-endian-mem --create-lanes=0 mem_init/platform_rom_0.hex
Post-processing to create mem_init/hdl_sim/platform_ram_0.dat...
elf2dat --infile=cronometro.elf --outfile=mem_init/hdl_sim/platform_ram_0.dat \
	--base=0x00010000 --end=0x00013fff --width=32 \
	--little-endian-mem --create-lanes=0 
Post-processing to create mem_init/hdl_sim/platform_rom_0.dat...
elf2dat --infile=cronometro.elf --outfile=mem_init/hdl_sim/platform_rom_0.dat \
	--base=0x00000000 --end=0x00000fff --width=32 \
	--little-endian-mem --create-lanes=0 
Post-processing to create mem_init/hdl_sim/platform_ram_0.sym...
nios2-elf-nm.exe -n cronometro.elf > mem_init/hdl_sim/platform_ram_0.sym
Post-processing to create mem_init/hdl_sim/platform_rom_0.sym...
nios2-elf-nm.exe -n cronometro.elf > mem_init/hdl_sim/platform_rom_0.sym
